  Animation.cpp
C:\Users\25342\OneDrive\桌面\mini-2D-game-engine-\mini2D game Engine\Animation\Animation.cpp(11,59): warning C4244: “参数”: 从“float”转换到“int”，可能丢失数据
C:\Users\25342\OneDrive\桌面\mini-2D-game-engine-\mini2D game Engine\Animation\Animation.cpp(11,56): warning C4244: “参数”: 从“float”转换到“int”，可能丢失数据
  Camera.cpp
C:\Users\25342\OneDrive\桌面\mini-2D-game-engine-\mini2D game Engine\Camera\Camera.cpp(8,35): warning C4244: “=”: 从“float”转换到“int”，可能丢失数据
C:\Users\25342\OneDrive\桌面\mini-2D-game-engine-\mini2D game Engine\Camera\Camera.cpp(9,35): warning C4244: “=”: 从“float”转换到“int”，可能丢失数据
C:\Users\25342\OneDrive\桌面\mini-2D-game-engine-\mini2D game Engine\Camera\Camera.cpp(27,53): warning C4244: “参数”: 从“int”转换到“float”，可能丢失数据
C:\Users\25342\OneDrive\桌面\mini-2D-game-engine-\mini2D game Engine\Camera\Camera.cpp(27,40): warning C4244: “参数”: 从“int”转换到“float”，可能丢失数据
  Warrior.cpp
C:\Users\25342\OneDrive\桌面\mini-2D-game-engine-\mini2D game Engine\Object\GameObject.h(18,6): warning C4244: “初始化”: 从“int”转换到“float”，可能丢失数据
  (编译源文件“Characters/Warrior.cpp”)
  
C:\Users\25342\OneDrive\桌面\mini-2D-game-engine-\mini2D game Engine\Object\GameObject.h(18,11): warning C4244: “初始化”: 从“int”转换到“float”，可能丢失数据
  (编译源文件“Characters/Warrior.cpp”)
  
  TextureManager.cpp
C:\Users\25342\OneDrive\桌面\mini-2D-game-engine-\mini2D game Engine\Graphics\TextureManager.cpp(43,25): warning C4838: 从“float”转换到“int”需要收缩转换
C:\Users\25342\OneDrive\桌面\mini-2D-game-engine-\mini2D game Engine\Graphics\TextureManager.cpp(43,25): warning C4244: “初始化”: 从“float”转换到“int”，可能丢失数据
C:\Users\25342\OneDrive\桌面\mini-2D-game-engine-\mini2D game Engine\Graphics\TextureManager.cpp(43,38): warning C4838: 从“float”转换到“int”需要收缩转换
C:\Users\25342\OneDrive\桌面\mini-2D-game-engine-\mini2D game Engine\Graphics\TextureManager.cpp(43,38): warning C4244: “初始化”: 从“float”转换到“int”，可能丢失数据
C:\Users\25342\OneDrive\桌面\mini-2D-game-engine-\mini2D game Engine\Graphics\TextureManager.cpp(52,25): warning C4838: 从“float”转换到“int”需要收缩转换
C:\Users\25342\OneDrive\桌面\mini-2D-game-engine-\mini2D game Engine\Graphics\TextureManager.cpp(52,25): warning C4244: “初始化”: 从“float”转换到“int”，可能丢失数据
C:\Users\25342\OneDrive\桌面\mini-2D-game-engine-\mini2D game Engine\Graphics\TextureManager.cpp(52,38): warning C4838: 从“float”转换到“int”需要收缩转换
C:\Users\25342\OneDrive\桌面\mini-2D-game-engine-\mini2D game Engine\Graphics\TextureManager.cpp(52,38): warning C4244: “初始化”: 从“float”转换到“int”，可能丢失数据
C:\Users\25342\OneDrive\桌面\mini-2D-game-engine-\mini2D game Engine\Graphics\TextureManager.cpp(60,24): warning C4838: 从“float”转换到“int”需要收缩转换
C:\Users\25342\OneDrive\桌面\mini-2D-game-engine-\mini2D game Engine\Graphics\TextureManager.cpp(60,24): warning C4244: “初始化”: 从“float”转换到“int”，可能丢失数据
C:\Users\25342\OneDrive\桌面\mini-2D-game-engine-\mini2D game Engine\Graphics\TextureManager.cpp(60,35): warning C4838: 从“float”转换到“int”需要收缩转换
C:\Users\25342\OneDrive\桌面\mini-2D-game-engine-\mini2D game Engine\Graphics\TextureManager.cpp(60,35): warning C4244: “初始化”: 从“float”转换到“int”，可能丢失数据
  Input.cpp
  TileLayer.cpp
C:\Users\25342\OneDrive\桌面\mini-2D-game-engine-\mini2D game Engine\Map\TileLayer.cpp(20,32): warning C4018: “<”: 有符号/无符号不匹配
C:\Users\25342\OneDrive\桌面\mini-2D-game-engine-\mini2D game Engine\Map\TileLayer.cpp(21,36): warning C4018: “<”: 有符号/无符号不匹配
  Engine.cpp
C:\Users\25342\OneDrive\桌面\mini-2D-game-engine-\mini2D game Engine\Object\GameObject.h(18,6): warning C4244: “初始化”: 从“int”转换到“float”，可能丢失数据
  (编译源文件“core/Engine.cpp”)
  
C:\Users\25342\OneDrive\桌面\mini-2D-game-engine-\mini2D game Engine\Object\GameObject.h(18,11): warning C4244: “初始化”: 从“int”转换到“float”，可能丢失数据
  (编译源文件“core/Engine.cpp”)
  
  main.cpp
  正在生成代码
  12 of 839 functions ( 1.4%) were compiled, the rest were copied from previous compilation.
    0 functions were new in current compilation
    3 functions had inline decision re-evaluated but remain unchanged
  已完成代码的生成
  mini2D game Engine.vcxproj -> C:\Users\25342\OneDrive\桌面\mini-2D-game-engine-\mini2D game Engine\x64\Release\mini2D game Engine.exe
