c:\users\25342\onedrive\桌面\mini-2d-game-engine-\mini2d game engine\mini2d g.94bba7d7\x64\release\vc143.pdb
c:\users\25342\onedrive\桌面\mini-2d-game-engine-\mini2d game engine\mini2d g.94bba7d7\x64\release\main.obj
c:\users\25342\onedrive\桌面\mini-2d-game-engine-\mini2d game engine\mini2d g.94bba7d7\x64\release\engine.obj
c:\users\25342\onedrive\桌面\mini-2d-game-engine-\mini2d game engine\mini2d g.94bba7d7\x64\release\texturemanager.obj
c:\users\25342\onedrive\桌面\mini-2d-game-engine-\mini2d game engine\mini2d g.94bba7d7\x64\release\warrior.obj
c:\users\25342\onedrive\桌面\mini-2d-game-engine-\mini2d game engine\mini2d g.94bba7d7\x64\release\animation.obj
c:\users\25342\onedrive\桌面\mini-2d-game-engine-\mini2d game engine\mini2d g.94bba7d7\x64\release\input.obj
c:\users\25342\onedrive\桌面\mini-2d-game-engine-\mini2d game engine\mini2d g.94bba7d7\x64\release\timer.obj
c:\users\25342\onedrive\桌面\mini-2d-game-engine-\mini2d game engine\mini2d g.94bba7d7\x64\release\tinyxmlparser.obj
c:\users\25342\onedrive\桌面\mini-2d-game-engine-\mini2d game engine\mini2d g.94bba7d7\x64\release\tinyxmlerror.obj
c:\users\25342\onedrive\桌面\mini-2d-game-engine-\mini2d game engine\mini2d g.94bba7d7\x64\release\tinyxml.obj
c:\users\25342\onedrive\桌面\mini-2d-game-engine-\mini2d game engine\mini2d g.94bba7d7\x64\release\tinystr.obj
c:\users\25342\onedrive\桌面\mini-2d-game-engine-\mini2d game engine\mini2d g.94bba7d7\x64\release\tilelayer.obj
c:\users\25342\onedrive\桌面\mini-2d-game-engine-\mini2d game engine\mini2d g.94bba7d7\x64\release\mapparser.obj
c:\users\25342\onedrive\桌面\mini-2d-game-engine-\mini2d game engine\x64\release\mini2d game engine.exe
c:\users\25342\onedrive\桌面\mini-2d-game-engine-\mini2d game engine\x64\release\mini2d game engine.pdb
c:\users\25342\onedrive\桌面\mini-2d-game-engine-\mini2d game engine\mini2d g.94bba7d7\x64\release\mini2d game engine.ipdb
c:\users\25342\onedrive\桌面\mini-2d-game-engine-\mini2d game engine\mini2d g.94bba7d7\x64\release\mini2d game engine.iobj
c:\users\25342\onedrive\桌面\mini-2d-game-engine-\mini2d game engine\mini2d g.94bba7d7\x64\release\mini2d g.94bba7d7.tlog\cl.command.1.tlog
c:\users\25342\onedrive\桌面\mini-2d-game-engine-\mini2d game engine\mini2d g.94bba7d7\x64\release\mini2d g.94bba7d7.tlog\cl.items.tlog
c:\users\25342\onedrive\桌面\mini-2d-game-engine-\mini2d game engine\mini2d g.94bba7d7\x64\release\mini2d g.94bba7d7.tlog\cl.read.1.tlog
c:\users\25342\onedrive\桌面\mini-2d-game-engine-\mini2d game engine\mini2d g.94bba7d7\x64\release\mini2d g.94bba7d7.tlog\cl.write.1.tlog
c:\users\25342\onedrive\桌面\mini-2d-game-engine-\mini2d game engine\mini2d g.94bba7d7\x64\release\mini2d g.94bba7d7.tlog\link.command.1.tlog
c:\users\25342\onedrive\桌面\mini-2d-game-engine-\mini2d game engine\mini2d g.94bba7d7\x64\release\mini2d g.94bba7d7.tlog\link.read.1.tlog
c:\users\25342\onedrive\桌面\mini-2d-game-engine-\mini2d game engine\mini2d g.94bba7d7\x64\release\mini2d g.94bba7d7.tlog\link.secondary.1.tlog
c:\users\25342\onedrive\桌面\mini-2d-game-engine-\mini2d game engine\mini2d g.94bba7d7\x64\release\mini2d g.94bba7d7.tlog\link.write.1.tlog
